0 info it worked if it ends with ok
1 verbose cli [ '/usr/bin/nodejs',
1 verbose cli   '/usr/bin/npm',
1 verbose cli   'install',
1 verbose cli   'karma-Phantomjs-launcher@0.1',
1 verbose cli   '--save-dev' ]
2 info using npm@1.3.10
3 info using node@v0.10.25
4 warn package.json contatooh@0.0.0 No repository field.
5 warn package.json mongo-sanitize@1.0.0 No repository field.
6 verbose readDependencies using package.json deps
7 verbose cache add [ 'karma-Phantomjs-launcher@0.1', null ]
8 verbose cache add name=undefined spec="karma-Phantomjs-launcher@0.1" args=["karma-Phantomjs-launcher@0.1",null]
9 verbose parsed url { protocol: null,
9 verbose parsed url   slashes: null,
9 verbose parsed url   auth: null,
9 verbose parsed url   host: null,
9 verbose parsed url   port: null,
9 verbose parsed url   hostname: null,
9 verbose parsed url   hash: null,
9 verbose parsed url   search: null,
9 verbose parsed url   query: null,
9 verbose parsed url   pathname: 'karma-Phantomjs-launcher@0.1',
9 verbose parsed url   path: 'karma-Phantomjs-launcher@0.1',
9 verbose parsed url   href: 'karma-Phantomjs-launcher@0.1' }
10 verbose cache add name="karma-Phantomjs-launcher" spec="0.1" args=["karma-Phantomjs-launcher","0.1"]
11 verbose parsed url { protocol: null,
11 verbose parsed url   slashes: null,
11 verbose parsed url   auth: null,
11 verbose parsed url   host: null,
11 verbose parsed url   port: null,
11 verbose parsed url   hostname: null,
11 verbose parsed url   hash: null,
11 verbose parsed url   search: null,
11 verbose parsed url   query: null,
11 verbose parsed url   pathname: '0.1',
11 verbose parsed url   path: '0.1',
11 verbose parsed url   href: '0.1' }
12 verbose addNamed [ 'karma-Phantomjs-launcher', '0.1' ]
13 verbose addNamed [ null, '>=0.1.0-0 <0.2.0-0' ]
14 silly lockFile 00b2b61d-karma-Phantomjs-launcher-0-1 karma-Phantomjs-launcher@0.1
15 verbose lock karma-Phantomjs-launcher@0.1 /home/fernando/.npm/00b2b61d-karma-Phantomjs-launcher-0-1.lock
16 silly addNameRange { name: 'karma-Phantomjs-launcher',
16 silly addNameRange   range: '>=0.1.0-0 <0.2.0-0',
16 silly addNameRange   hasData: false }
17 verbose url raw karma-Phantomjs-launcher
18 verbose url resolving [ 'https://registry.npmjs.org/', './karma-Phantomjs-launcher' ]
19 verbose url resolved https://registry.npmjs.org/karma-Phantomjs-launcher
20 info trying registry request attempt 1 at 15:16:08
21 http GET https://registry.npmjs.org/karma-Phantomjs-launcher
22 http 404 https://registry.npmjs.org/karma-Phantomjs-launcher
23 silly registry.get cb [ 404,
23 silly registry.get   { 'content-type': 'application/json',
23 silly registry.get     'cache-control': 'max-age=0',
23 silly registry.get     'content-length': '2',
23 silly registry.get     'accept-ranges': 'bytes',
23 silly registry.get     date: 'Thu, 11 Feb 2016 17:16:16 GMT',
23 silly registry.get     via: '1.1 varnish',
23 silly registry.get     age: '0',
23 silly registry.get     connection: 'keep-alive',
23 silly registry.get     'x-served-by': 'cache-iad2131-IAD',
23 silly registry.get     'x-cache': 'MISS',
23 silly registry.get     'x-cache-hits': '0',
23 silly registry.get     'x-timer': 'S1455210976.049552,VS0,VE18' } ]
24 silly addNameRange number 2 { name: 'karma-Phantomjs-launcher',
24 silly addNameRange   range: '>=0.1.0-0 <0.2.0-0',
24 silly addNameRange   hasData: true }
25 silly addNameRange versions [ undefined, [] ]
26 error TypeError: Cannot read property 'latest' of undefined
26 error     at next (/usr/share/npm/lib/cache.js:687:35)
26 error     at /usr/share/npm/lib/cache.js:675:5
26 error     at saved (/usr/share/npm/node_modules/npm-registry-client/lib/get.js:142:7)
26 error     at /usr/lib/nodejs/graceful-fs/polyfills.js:133:7
26 error     at Object.oncomplete (fs.js:107:15)
27 error If you need help, you may report this log at:
27 error     <http://github.com/isaacs/npm/issues>
27 error or email it to:
27 error     <npm-@googlegroups.com>
28 error System Linux 3.16.0-38-generic
29 error command "/usr/bin/nodejs" "/usr/bin/npm" "install" "karma-Phantomjs-launcher@0.1" "--save-dev"
30 error cwd /home/fernando/workspace/contatooh
31 error node -v v0.10.25
32 error npm -v 1.3.10
33 error type non_object_property_load
34 verbose exit [ 1, true ]
